============================================================
  Generated by:           Genus(TM) Synthesis Solution 21.17-s066_1
  Generated on:           Mar 11 2026  02:19:51 pm
  Module:                 counter8
  Operating conditions:   PVT_0P9V_125C (balanced_tree)
  Wireload mode:          enclosed
  Area mode:              timing library
============================================================


Path 1: MET (3415 ps) Setup Check with Pin count_reg[7]/CK->D
          Group: counter_clk
     Startpoint: (R) count_reg[1]/CK
          Clock: (R) counter_clk
       Endpoint: (R) count_reg[7]/D
          Clock: (R) counter_clk

                     Capture       Launch     
        Clock Edge:+    5000            0     
       Src Latency:+       0            0     
       Net Latency:+       0 (I)        0 (I) 
           Arrival:=    5000            0     
                                              
             Setup:-     121                  
       Uncertainty:-      50                  
     Required Time:=    4829                  
      Launch Clock:-       0                  
         Data Path:-    1414                  
             Slack:=    3415                  

#----------------------------------------------------------------------------------------
#  Timing Point   Flags   Arc   Edge   Cell     Fanout Load Trans Delay Arrival Instance 
#                                                      (fF)  (ps)  (ps)   (ps)  Location 
#----------------------------------------------------------------------------------------
  count_reg[1]/CK -       -     R     (arrival)      8    -    50     0       0    (-,-) 
  count_reg[1]/Q  -       CK->Q R     DFFQX2         4 21.2   230   326     326    (-,-) 
  g283__2398/Y    -       A->Y  F     NAND2X1        2  0.6    88   185     511    (-,-) 
  g278/Y          -       A->Y  R     INVX1          2  0.8    39    67     578    (-,-) 
  g277__9945/Y    -       B->Y  F     NAND2X1        2  0.6    81    68     647    (-,-) 
  g273/Y          -       A->Y  R     INVX1          2  0.8    37    63     710    (-,-) 
  g272__4733/Y    -       B->Y  F     NAND2X1        2  0.6    81    68     778    (-,-) 
  g268/Y          -       A->Y  R     INVX1          3  1.0    41    65     843    (-,-) 
  g267__8246/Y    -       D->Y  F     NAND4XL        1  0.2   179   140     983    (-,-) 
  g263__1617/Y    -       A->Y  R     XNOR2X1        1  0.4    27   259    1242    (-,-) 
  g257__8428/Y    -       A1->Y F     AOI22X1        1  0.3    98    93    1336    (-,-) 
  g255__6260/Y    -       B->Y  R     NOR2X1         1  0.2    44    78    1414    (-,-) 
  count_reg[7]/D  -       -     R     DFFQX2         1    -     -     0    1414    (-,-) 
#----------------------------------------------------------------------------------------



Path 2: MET (3426 ps) Setup Check with Pin count_reg[6]/CK->D
          Group: counter_clk
     Startpoint: (R) count_reg[1]/CK
          Clock: (R) counter_clk
       Endpoint: (R) count_reg[6]/D
          Clock: (R) counter_clk

                     Capture       Launch     
        Clock Edge:+    5000            0     
       Src Latency:+       0            0     
       Net Latency:+       0 (I)        0 (I) 
           Arrival:=    5000            0     
                                              
             Setup:-     121                  
       Uncertainty:-      50                  
     Required Time:=    4829                  
      Launch Clock:-       0                  
         Data Path:-    1402                  
             Slack:=    3426                  

#----------------------------------------------------------------------------------------
#  Timing Point   Flags   Arc   Edge   Cell     Fanout Load Trans Delay Arrival Instance 
#                                                      (fF)  (ps)  (ps)   (ps)  Location 
#----------------------------------------------------------------------------------------
  count_reg[1]/CK -       -     R     (arrival)      8    -    50     0       0    (-,-) 
  count_reg[1]/Q  -       CK->Q R     DFFQX2         4 21.2   230   326     326    (-,-) 
  g283__2398/Y    -       A->Y  F     NAND2X1        2  0.6    88   185     511    (-,-) 
  g278/Y          -       A->Y  R     INVX1          2  0.8    39    67     578    (-,-) 
  g277__9945/Y    -       B->Y  F     NAND2X1        2  0.6    81    68     647    (-,-) 
  g273/Y          -       A->Y  R     INVX1          2  0.8    37    63     710    (-,-) 
  g272__4733/Y    -       B->Y  F     NAND2X1        2  0.6    81    68     778    (-,-) 
  g268/Y          -       A->Y  R     INVX1          3  1.0    41    65     843    (-,-) 
  g264__7098/Y    -       B->Y  F     NAND2X1        2  0.6    81    70     913    (-,-) 
  g261/Y          -       A->Y  R     INVX1          2  0.8    37    63     976    (-,-) 
  g260__5122/Y    -       B->Y  F     NAND2X1        2  0.7    86    70    1046    (-,-) 
  g251__3680/Y    -       B->Y  R     XNOR2X1        1  0.4    27   185    1231    (-,-) 
  g249__4319/Y    -       A1->Y F     AOI22X1        1  0.3    98    93    1324    (-,-) 
  g247__2398/Y    -       B->Y  R     NOR2X1         1  0.2    44    78    1402    (-,-) 
  count_reg[6]/D  -       -     R     DFFQX2         1    -     -     0    1402    (-,-) 
#----------------------------------------------------------------------------------------



Path 3: MET (3592 ps) Setup Check with Pin count_reg[5]/CK->D
          Group: counter_clk
     Startpoint: (R) count_reg[1]/CK
          Clock: (R) counter_clk
       Endpoint: (R) count_reg[5]/D
          Clock: (R) counter_clk

                     Capture       Launch     
        Clock Edge:+    5000            0     
       Src Latency:+       0            0     
       Net Latency:+       0 (I)        0 (I) 
           Arrival:=    5000            0     
                                              
             Setup:-     125                  
       Uncertainty:-      50                  
     Required Time:=    4825                  
      Launch Clock:-       0                  
         Data Path:-    1233                  
             Slack:=    3592                  

#----------------------------------------------------------------------------------------
#  Timing Point   Flags   Arc   Edge   Cell     Fanout Load Trans Delay Arrival Instance 
#                                                      (fF)  (ps)  (ps)   (ps)  Location 
#----------------------------------------------------------------------------------------
  count_reg[1]/CK -       -     R     (arrival)      8    -    50     0       0    (-,-) 
  count_reg[1]/Q  -       CK->Q F     DFFQX2         4 21.1   278   368     368    (-,-) 
  g283__2398/Y    -       A->Y  R     NAND2X1        2  0.8    78   182     550    (-,-) 
  g278/Y          -       A->Y  F     INVX1          2  0.7    40    66     616    (-,-) 
  g277__9945/Y    -       B->Y  R     NAND2X1        2  0.8    78    43     659    (-,-) 
  g273/Y          -       A->Y  F     INVX1          2  0.7    40    66     725    (-,-) 
  g272__4733/Y    -       B->Y  R     NAND2X1        2  0.8    78    43     768    (-,-) 
  g268/Y          -       A->Y  F     INVX1          3  0.9    45    69     837    (-,-) 
  g264__7098/Y    -       B->Y  R     NAND2X1        2  0.8    78    46     883    (-,-) 
  g261/Y          -       A->Y  F     INVX1          2  0.7    40    66     949    (-,-) 
  g260__5122/Y    -       B->Y  R     NAND2X1        2  0.8    78    43     992    (-,-) 
  g253__5526/Y    -       C0->Y F     OAI211X1       1  0.2   118   134    1126    (-,-) 
  g250__5107/Y    -       A1->Y R     AOI21XL        1  0.2    51   108    1233    (-,-) 
  count_reg[5]/D  -       -     R     DFFQX2         1    -     -     0    1233    (-,-) 
#----------------------------------------------------------------------------------------



Path 4: MET (3701 ps) Setup Check with Pin count_reg[4]/CK->D
          Group: counter_clk
     Startpoint: (R) count_reg[1]/CK
          Clock: (R) counter_clk
       Endpoint: (R) count_reg[4]/D
          Clock: (R) counter_clk

                     Capture       Launch     
        Clock Edge:+    5000            0     
       Src Latency:+       0            0     
       Net Latency:+       0 (I)        0 (I) 
           Arrival:=    5000            0     
                                              
             Setup:-     125                  
       Uncertainty:-      50                  
     Required Time:=    4825                  
      Launch Clock:-       0                  
         Data Path:-    1124                  
             Slack:=    3701                  

#----------------------------------------------------------------------------------------
#  Timing Point   Flags   Arc   Edge   Cell     Fanout Load Trans Delay Arrival Instance 
#                                                      (fF)  (ps)  (ps)   (ps)  Location 
#----------------------------------------------------------------------------------------
  count_reg[1]/CK -       -     R     (arrival)      8    -    50     0       0    (-,-) 
  count_reg[1]/Q  -       CK->Q F     DFFQX2         4 21.1   278   368     368    (-,-) 
  g283__2398/Y    -       A->Y  R     NAND2X1        2  0.8    78   182     550    (-,-) 
  g278/Y          -       A->Y  F     INVX1          2  0.7    40    66     616    (-,-) 
  g277__9945/Y    -       B->Y  R     NAND2X1        2  0.8    78    43     659    (-,-) 
  g273/Y          -       A->Y  F     INVX1          2  0.7    40    66     725    (-,-) 
  g272__4733/Y    -       B->Y  R     NAND2X1        2  0.8    78    43     768    (-,-) 
  g268/Y          -       A->Y  F     INVX1          3  0.9    45    69     837    (-,-) 
  g264__7098/Y    -       B->Y  R     NAND2X1        2  0.8    78    46     883    (-,-) 
  g259__2802/Y    -       C0->Y F     OAI211X1       1  0.2   118   134    1017    (-,-) 
  g256__6783/Y    -       A1->Y R     AOI21XL        1  0.2    51   108    1124    (-,-) 
  count_reg[4]/D  -       -     R     DFFQX2         1    -     -     0    1124    (-,-) 
#----------------------------------------------------------------------------------------



Path 5: MET (3816 ps) Setup Check with Pin count_reg[3]/CK->D
          Group: counter_clk
     Startpoint: (R) count_reg[1]/CK
          Clock: (R) counter_clk
       Endpoint: (R) count_reg[3]/D
          Clock: (R) counter_clk

                     Capture       Launch     
        Clock Edge:+    5000            0     
       Src Latency:+       0            0     
       Net Latency:+       0 (I)        0 (I) 
           Arrival:=    5000            0     
                                              
             Setup:-     125                  
       Uncertainty:-      50                  
     Required Time:=    4825                  
      Launch Clock:-       0                  
         Data Path:-    1009                  
             Slack:=    3816                  

#----------------------------------------------------------------------------------------
#  Timing Point   Flags   Arc   Edge   Cell     Fanout Load Trans Delay Arrival Instance 
#                                                      (fF)  (ps)  (ps)   (ps)  Location 
#----------------------------------------------------------------------------------------
  count_reg[1]/CK -       -     R     (arrival)      8    -    50     0       0    (-,-) 
  count_reg[1]/Q  -       CK->Q F     DFFQX2         4 21.1   278   368     368    (-,-) 
  g283__2398/Y    -       A->Y  R     NAND2X1        2  0.8    78   182     550    (-,-) 
  g278/Y          -       A->Y  F     INVX1          2  0.7    40    66     616    (-,-) 
  g277__9945/Y    -       B->Y  R     NAND2X1        2  0.8    78    43     659    (-,-) 
  g273/Y          -       A->Y  F     INVX1          2  0.7    40    66     725    (-,-) 
  g272__4733/Y    -       B->Y  R     NAND2X1        2  0.8    78    43     768    (-,-) 
  g266__6131/Y    -       C0->Y F     OAI211X1       1  0.2   118   134     902    (-,-) 
  g262__1705/Y    -       A1->Y R     AOI21XL        1  0.2    51   108    1009    (-,-) 
  count_reg[3]/D  -       -     R     DFFQX2         1    -     -     0    1009    (-,-) 
#----------------------------------------------------------------------------------------



Path 6: MET (3924 ps) Setup Check with Pin count_reg[2]/CK->D
          Group: counter_clk
     Startpoint: (R) count_reg[1]/CK
          Clock: (R) counter_clk
       Endpoint: (R) count_reg[2]/D
          Clock: (R) counter_clk

                     Capture       Launch     
        Clock Edge:+    5000            0     
       Src Latency:+       0            0     
       Net Latency:+       0 (I)        0 (I) 
           Arrival:=    5000            0     
                                              
             Setup:-     125                  
       Uncertainty:-      50                  
     Required Time:=    4825                  
      Launch Clock:-       0                  
         Data Path:-     900                  
             Slack:=    3924                  

#----------------------------------------------------------------------------------------
#  Timing Point   Flags   Arc   Edge   Cell     Fanout Load Trans Delay Arrival Instance 
#                                                      (fF)  (ps)  (ps)   (ps)  Location 
#----------------------------------------------------------------------------------------
  count_reg[1]/CK -       -     R     (arrival)      8    -    50     0       0    (-,-) 
  count_reg[1]/Q  -       CK->Q F     DFFQX2         4 21.1   278   368     368    (-,-) 
  g283__2398/Y    -       A->Y  R     NAND2X1        2  0.8    78   182     550    (-,-) 
  g278/Y          -       A->Y  F     INVX1          2  0.7    40    66     616    (-,-) 
  g277__9945/Y    -       B->Y  R     NAND2X1        2  0.8    78    43     659    (-,-) 
  g271__5115/Y    -       C0->Y F     OAI211X1       1  0.2   118   134     793    (-,-) 
  g269__1881/Y    -       A1->Y R     AOI21XL        1  0.2    51   108     900    (-,-) 
  count_reg[2]/D  -       -     R     DFFQX2         1    -     -     0     900    (-,-) 
#----------------------------------------------------------------------------------------



Path 7: MET (4034 ps) Setup Check with Pin count_reg[1]/CK->D
          Group: counter_clk
     Startpoint: (R) count_reg[1]/CK
          Clock: (R) counter_clk
       Endpoint: (R) count_reg[1]/D
          Clock: (R) counter_clk

                     Capture       Launch     
        Clock Edge:+    5000            0     
       Src Latency:+       0            0     
       Net Latency:+       0 (I)        0 (I) 
           Arrival:=    5000            0     
                                              
             Setup:-     125                  
       Uncertainty:-      50                  
     Required Time:=    4825                  
      Launch Clock:-       0                  
         Data Path:-     791                  
             Slack:=    4034                  

#----------------------------------------------------------------------------------------
#  Timing Point   Flags   Arc   Edge   Cell     Fanout Load Trans Delay Arrival Instance 
#                                                      (fF)  (ps)  (ps)   (ps)  Location 
#----------------------------------------------------------------------------------------
  count_reg[1]/CK -       -     R     (arrival)      8    -    50     0       0    (-,-) 
  count_reg[1]/Q  -       CK->Q F     DFFQX2         4 21.1   278   368     368    (-,-) 
  g283__2398/Y    -       A->Y  R     NAND2X1        2  0.8    78   182     550    (-,-) 
  g276__9315/Y    -       C0->Y F     OAI211X1       1  0.2   118   134     684    (-,-) 
  g274__7482/Y    -       A1->Y R     AOI21XL        1  0.2    51   108     791    (-,-) 
  count_reg[1]/D  -       -     R     DFFQX2         1    -     -     0     791    (-,-) 
#----------------------------------------------------------------------------------------



Path 8: MET (4212 ps) Setup Check with Pin count_reg[0]/CK->D
          Group: counter_clk
     Startpoint: (R) count_reg[0]/CK
          Clock: (R) counter_clk
       Endpoint: (R) count_reg[0]/D
          Clock: (R) counter_clk

                     Capture       Launch     
        Clock Edge:+    5000            0     
       Src Latency:+       0            0     
       Net Latency:+       0 (I)        0 (I) 
           Arrival:=    5000            0     
                                              
             Setup:-     118                  
       Uncertainty:-      50                  
     Required Time:=    4832                  
      Launch Clock:-       0                  
         Data Path:-     621                  
             Slack:=    4212                  

#----------------------------------------------------------------------------------------
#  Timing Point   Flags   Arc   Edge   Cell     Fanout Load Trans Delay Arrival Instance 
#                                                      (fF)  (ps)  (ps)   (ps)  Location 
#----------------------------------------------------------------------------------------
  count_reg[0]/CK -       -     R     (arrival)      8    -    50     0       0    (-,-) 
  count_reg[0]/Q  -       CK->Q F     DFFQX2         4 21.1   278   368     368    (-,-) 
  g280__2883/Y    -       S0->Y F     MX2XL          1  0.3    30   211     579    (-,-) 
  g279__6161/Y    -       B->Y  R     NOR2X1         1  0.2    36    42     621    (-,-) 
  count_reg[0]/D  -       -     R     DFFQX2         1    -     -     0     621    (-,-) 
#----------------------------------------------------------------------------------------



Path 9: MET (4281 ps) Late External Delay Assertion at pin count[4]
          Group: counter_clk
     Startpoint: (R) count_reg[4]/CK
          Clock: (R) counter_clk
       Endpoint: (F) count[4]
          Clock: (R) counter_clk

                     Capture       Launch     
        Clock Edge:+    5000            0     
       Src Latency:+       0            0     
       Net Latency:+       0 (I)        0 (I) 
           Arrival:=    5000            0     
                                              
      Output Delay:-     300                  
       Uncertainty:-      50                  
     Required Time:=    4650                  
      Launch Clock:-       0                  
         Data Path:-     369                  
             Slack:=    4281                  

Exceptions/Constraints:
  output_delay             300             counter8.sdc_line_12_3_1 

#----------------------------------------------------------------------------------------
#  Timing Point   Flags   Arc   Edge   Cell     Fanout Load Trans Delay Arrival Instance 
#                                                      (fF)  (ps)  (ps)   (ps)  Location 
#----------------------------------------------------------------------------------------
  count_reg[4]/CK -       -     R     (arrival)      8    -    50     0       0    (-,-) 
  count_reg[4]/Q  -       CK->Q F     DFFQX2         5 21.3   280   369     369    (-,-) 
  count[4]        -       -     F     (port)         -    -     -     0     369    (-,-) 
#----------------------------------------------------------------------------------------



Path 10: MET (4281 ps) Late External Delay Assertion at pin count[5]
          Group: counter_clk
     Startpoint: (R) count_reg[5]/CK
          Clock: (R) counter_clk
       Endpoint: (F) count[5]
          Clock: (R) counter_clk

                     Capture       Launch     
        Clock Edge:+    5000            0     
       Src Latency:+       0            0     
       Net Latency:+       0 (I)        0 (I) 
           Arrival:=    5000            0     
                                              
      Output Delay:-     300                  
       Uncertainty:-      50                  
     Required Time:=    4650                  
      Launch Clock:-       0                  
         Data Path:-     369                  
             Slack:=    4281                  

Exceptions/Constraints:
  output_delay             300             counter8.sdc_line_12_2_1 

#----------------------------------------------------------------------------------------
#  Timing Point   Flags   Arc   Edge   Cell     Fanout Load Trans Delay Arrival Instance 
#                                                      (fF)  (ps)  (ps)   (ps)  Location 
#----------------------------------------------------------------------------------------
  count_reg[5]/CK -       -     R     (arrival)      8    -    50     0       0    (-,-) 
  count_reg[5]/Q  -       CK->Q F     DFFQX2         5 21.3   280   369     369    (-,-) 
  count[5]        -       -     F     (port)         -    -     -     0     369    (-,-) 
#----------------------------------------------------------------------------------------



Path 11: MET (4282 ps) Late External Delay Assertion at pin count[0]
          Group: counter_clk
     Startpoint: (R) count_reg[0]/CK
          Clock: (R) counter_clk
       Endpoint: (F) count[0]
          Clock: (R) counter_clk

                     Capture       Launch     
        Clock Edge:+    5000            0     
       Src Latency:+       0            0     
       Net Latency:+       0 (I)        0 (I) 
           Arrival:=    5000            0     
                                              
      Output Delay:-     300                  
       Uncertainty:-      50                  
     Required Time:=    4650                  
      Launch Clock:-       0                  
         Data Path:-     368                  
             Slack:=    4282                  

Exceptions/Constraints:
  output_delay             300             counter8.sdc_line_12_7_1 

#----------------------------------------------------------------------------------------
#  Timing Point   Flags   Arc   Edge   Cell     Fanout Load Trans Delay Arrival Instance 
#                                                      (fF)  (ps)  (ps)   (ps)  Location 
#----------------------------------------------------------------------------------------
  count_reg[0]/CK -       -     R     (arrival)      8    -    50     0       0    (-,-) 
  count_reg[0]/Q  -       CK->Q F     DFFQX2         4 21.1   278   368     368    (-,-) 
  count[0]        -       -     F     (port)         -    -     -     0     368    (-,-) 
#----------------------------------------------------------------------------------------



Path 12: MET (4282 ps) Late External Delay Assertion at pin count[1]
          Group: counter_clk
     Startpoint: (R) count_reg[1]/CK
          Clock: (R) counter_clk
       Endpoint: (F) count[1]
          Clock: (R) counter_clk

                     Capture       Launch     
        Clock Edge:+    5000            0     
       Src Latency:+       0            0     
       Net Latency:+       0 (I)        0 (I) 
           Arrival:=    5000            0     
                                              
      Output Delay:-     300                  
       Uncertainty:-      50                  
     Required Time:=    4650                  
      Launch Clock:-       0                  
         Data Path:-     368                  
             Slack:=    4282                  

Exceptions/Constraints:
  output_delay             300             counter8.sdc_line_12_6_1 

#----------------------------------------------------------------------------------------
#  Timing Point   Flags   Arc   Edge   Cell     Fanout Load Trans Delay Arrival Instance 
#                                                      (fF)  (ps)  (ps)   (ps)  Location 
#----------------------------------------------------------------------------------------
  count_reg[1]/CK -       -     R     (arrival)      8    -    50     0       0    (-,-) 
  count_reg[1]/Q  -       CK->Q F     DFFQX2         4 21.1   278   368     368    (-,-) 
  count[1]        -       -     F     (port)         -    -     -     0     368    (-,-) 
#----------------------------------------------------------------------------------------



Path 13: MET (4282 ps) Late External Delay Assertion at pin count[2]
          Group: counter_clk
     Startpoint: (R) count_reg[2]/CK
          Clock: (R) counter_clk
       Endpoint: (F) count[2]
          Clock: (R) counter_clk

                     Capture       Launch     
        Clock Edge:+    5000            0     
       Src Latency:+       0            0     
       Net Latency:+       0 (I)        0 (I) 
           Arrival:=    5000            0     
                                              
      Output Delay:-     300                  
       Uncertainty:-      50                  
     Required Time:=    4650                  
      Launch Clock:-       0                  
         Data Path:-     368                  
             Slack:=    4282                  

Exceptions/Constraints:
  output_delay             300             counter8.sdc_line_12_5_1 

#----------------------------------------------------------------------------------------
#  Timing Point   Flags   Arc   Edge   Cell     Fanout Load Trans Delay Arrival Instance 
#                                                      (fF)  (ps)  (ps)   (ps)  Location 
#----------------------------------------------------------------------------------------
  count_reg[2]/CK -       -     R     (arrival)      8    -    50     0       0    (-,-) 
  count_reg[2]/Q  -       CK->Q F     DFFQX2         4 21.1   278   368     368    (-,-) 
  count[2]        -       -     F     (port)         -    -     -     0     368    (-,-) 
#----------------------------------------------------------------------------------------



Path 14: MET (4282 ps) Late External Delay Assertion at pin count[3]
          Group: counter_clk
     Startpoint: (R) count_reg[3]/CK
          Clock: (R) counter_clk
       Endpoint: (F) count[3]
          Clock: (R) counter_clk

                     Capture       Launch     
        Clock Edge:+    5000            0     
       Src Latency:+       0            0     
       Net Latency:+       0 (I)        0 (I) 
           Arrival:=    5000            0     
                                              
      Output Delay:-     300                  
       Uncertainty:-      50                  
     Required Time:=    4650                  
      Launch Clock:-       0                  
         Data Path:-     368                  
             Slack:=    4282                  

Exceptions/Constraints:
  output_delay             300             counter8.sdc_line_12_4_1 

#----------------------------------------------------------------------------------------
#  Timing Point   Flags   Arc   Edge   Cell     Fanout Load Trans Delay Arrival Instance 
#                                                      (fF)  (ps)  (ps)   (ps)  Location 
#----------------------------------------------------------------------------------------
  count_reg[3]/CK -       -     R     (arrival)      8    -    50     0       0    (-,-) 
  count_reg[3]/Q  -       CK->Q F     DFFQX2         4 21.1   278   368     368    (-,-) 
  count[3]        -       -     F     (port)         -    -     -     0     368    (-,-) 
#----------------------------------------------------------------------------------------



Path 15: MET (4285 ps) Late External Delay Assertion at pin count[6]
          Group: counter_clk
     Startpoint: (R) count_reg[6]/CK
          Clock: (R) counter_clk
       Endpoint: (F) count[6]
          Clock: (R) counter_clk

                     Capture       Launch     
        Clock Edge:+    5000            0     
       Src Latency:+       0            0     
       Net Latency:+       0 (I)        0 (I) 
           Arrival:=    5000            0     
                                              
      Output Delay:-     300                  
       Uncertainty:-      50                  
     Required Time:=    4650                  
      Launch Clock:-       0                  
         Data Path:-     365                  
             Slack:=    4285                  

Exceptions/Constraints:
  output_delay             300             counter8.sdc_line_12_1_1 

#----------------------------------------------------------------------------------------
#  Timing Point   Flags   Arc   Edge   Cell     Fanout Load Trans Delay Arrival Instance 
#                                                      (fF)  (ps)  (ps)   (ps)  Location 
#----------------------------------------------------------------------------------------
  count_reg[6]/CK -       -     R     (arrival)      8    -    50     0       0    (-,-) 
  count_reg[6]/Q  -       CK->Q F     DFFQX2         4 20.7   273   365     365    (-,-) 
  count[6]        -       -     F     (port)         -    -     -     0     365    (-,-) 
#----------------------------------------------------------------------------------------



Path 16: MET (4285 ps) Late External Delay Assertion at pin count[7]
          Group: counter_clk
     Startpoint: (R) count_reg[7]/CK
          Clock: (R) counter_clk
       Endpoint: (F) count[7]
          Clock: (R) counter_clk

                     Capture       Launch     
        Clock Edge:+    5000            0     
       Src Latency:+       0            0     
       Net Latency:+       0 (I)        0 (I) 
           Arrival:=    5000            0     
                                              
      Output Delay:-     300                  
       Uncertainty:-      50                  
     Required Time:=    4650                  
      Launch Clock:-       0                  
         Data Path:-     365                  
             Slack:=    4285                  

Exceptions/Constraints:
  output_delay             300             counter8.sdc_line_12 

#----------------------------------------------------------------------------------------
#  Timing Point   Flags   Arc   Edge   Cell     Fanout Load Trans Delay Arrival Instance 
#                                                      (fF)  (ps)  (ps)   (ps)  Location 
#----------------------------------------------------------------------------------------
  count_reg[7]/CK -       -     R     (arrival)      8    -    50     0       0    (-,-) 
  count_reg[7]/Q  -       CK->Q F     DFFQX2         3 20.7   273   365     365    (-,-) 
  count[7]        -       -     F     (port)         -    -     -     0     365    (-,-) 
#----------------------------------------------------------------------------------------

Some unconstrained paths have not been displayed.
Use -unconstrained or set the root attribute 'timing_report_unconstrained' to 'true' to see only these unconstrained paths.

