============================================================
  Generated by:           Genus(TM) Synthesis Solution 21.17-s066_1
  Generated on:           Mar 11 2026  02:18:03 pm
  Module:                 alu4
  Operating conditions:   PVT_0P9V_125C (balanced_tree)
  Wireload mode:          enclosed
  Area mode:              timing library
============================================================


Path 1: MET (4927 ps) Late External Delay Assertion at pin y[2]
          Group: virt_clk
     Startpoint: (R) op[0]
          Clock: (R) virt_clk
       Endpoint: (F) y[2]
          Clock: (R) virt_clk

                        Capture       Launch     
           Path Delay:+    8000            -     
           Drv Adjust:+       0            0     
          Src Latency:+       0            0     
          Net Latency:+       0 (I)        0 (I) 
        Capture Clock:+       0                  
              Arrival:=    8000            0     
                                                 
         Output Delay:-    1000                  
        Required Time:=    7000                  
         Launch Clock:-       0                  
          Input Delay:-    1000                  
            Data Path:-    1073                  
                Slack:=    4927                  

Exceptions/Constraints:
  max_delay                8000            alu4.sdc_line_11     
  input_delay              1000            alu4.sdc_line_9_9_1  
  output_delay             1000            alu4.sdc_line_10_9_1 

#---------------------------------------------------------------------------------------
# Timing Point   Flags   Arc   Edge   Cell     Fanout Load Trans Delay Arrival Instance 
#                                                     (fF)  (ps)  (ps)   (ps)  Location 
#---------------------------------------------------------------------------------------
  op[0]          -       -     R     (arrival)      6  1.8    50     0    1000    (-,-) 
  g1007/Y        -       A->Y  F     INVX1          5  1.4    52    59    1059    (-,-) 
  g999__9945/Y   -       B->Y  F     MX2XL          3  1.0    62   154    1213    (-,-) 
  g986__1881/Y   -       A1->Y R     OAI21X1        1  0.4    62    77    1290    (-,-) 
  g984__7098/Y   -       B0->Y F     OAI2BB1X1      2  0.8    82    98    1388    (-,-) 
  g983__2802/Y   -       B->Y  F     XNOR2X1        2  0.7    36   145    1533    (-,-) 
  g981/Y         -       A->Y  R     INVX1          1  0.4    22    33    1566    (-,-) 
  g978__6783/Y   -       B1->Y F     OAI222X1       1  0.2   175   171    1738    (-,-) 
  g975__8428/Y   -       B->Y  F     MX2X1          1 10.0   266   335    2073    (-,-) 
  y[2]           -       -     F     (port)         -    -     -     0    2073    (-,-) 
#---------------------------------------------------------------------------------------



Path 2: MET (4928 ps) Late External Delay Assertion at pin cout
          Group: virt_clk
     Startpoint: (F) op[0]
          Clock: (R) virt_clk
       Endpoint: (R) cout
          Clock: (R) virt_clk

                        Capture       Launch     
           Path Delay:+    8000            -     
           Drv Adjust:+       0            0     
          Src Latency:+       0            0     
          Net Latency:+       0 (I)        0 (I) 
        Capture Clock:+       0                  
              Arrival:=    8000            0     
                                                 
         Output Delay:-    1000                  
        Required Time:=    7000                  
         Launch Clock:-       0                  
          Input Delay:-    1000                  
            Data Path:-    1072                  
                Slack:=    4928                  

Exceptions/Constraints:
  max_delay                8000            alu4.sdc_line_11      
  input_delay              1000            alu4.sdc_line_9_9_1   
  output_delay             1000            alu4.sdc_line_10_12_1 

#----------------------------------------------------------------------------------------
# Timing Point   Flags    Arc   Edge   Cell     Fanout Load Trans Delay Arrival Instance 
#                                                      (fF)  (ps)  (ps)   (ps)  Location 
#----------------------------------------------------------------------------------------
  op[0]          -       -      F     (arrival)      6  1.7    50     0    1000    (-,-) 
  g1007/Y        -       A->Y   R     INVX1          5  1.6    48    55    1055    (-,-) 
  g999__9945/Y   -       B->Y   R     MX2XL          3  1.0    51   168    1223    (-,-) 
  g986__1881/Y   -       A1->Y  F     OAI21X1        1  0.4    76    81    1304    (-,-) 
  g984__7098/Y   -       B0->Y  R     OAI2BB1X1      2  0.8    44    67    1371    (-,-) 
  g980__1705/Y   -       A1->Y  F     AOI22X1        1  0.5   109   109    1480    (-,-) 
  g974__5526/CO  -       CI->CO F     ADDFX1         1  0.4    37   201    1681    (-,-) 
  g971__6260/Y   -       B->Y   R     XNOR2X1        1  0.2    22   163    1844    (-,-) 
  g970__2398/Y   -       A->Y   R     AND2X1         1 10.0   221   228    2072    (-,-) 
  cout           -       -      R     (port)         -    -     -     0    2072    (-,-) 
#----------------------------------------------------------------------------------------



Path 3: MET (4932 ps) Late External Delay Assertion at pin y[3]
          Group: virt_clk
     Startpoint: (F) op[0]
          Clock: (R) virt_clk
       Endpoint: (F) y[3]
          Clock: (R) virt_clk

                        Capture       Launch     
           Path Delay:+    8000            -     
           Drv Adjust:+       0            0     
          Src Latency:+       0            0     
          Net Latency:+       0 (I)        0 (I) 
        Capture Clock:+       0                  
              Arrival:=    8000            0     
                                                 
         Output Delay:-    1000                  
        Required Time:=    7000                  
         Launch Clock:-       0                  
          Input Delay:-    1000                  
            Data Path:-    1068                  
                Slack:=    4932                  

Exceptions/Constraints:
  max_delay                8000            alu4.sdc_line_11    
  input_delay              1000            alu4.sdc_line_9_9_1 
  output_delay             1000            alu4.sdc_line_10    

#---------------------------------------------------------------------------------------
# Timing Point   Flags   Arc   Edge   Cell     Fanout Load Trans Delay Arrival Instance 
#                                                     (fF)  (ps)  (ps)   (ps)  Location 
#---------------------------------------------------------------------------------------
  op[0]          -       -     F     (arrival)      6  1.7    50     0    1000    (-,-) 
  g1007/Y        -       A->Y  R     INVX1          5  1.6    48    55    1055    (-,-) 
  g999__9945/Y   -       B->Y  R     MX2XL          3  1.0    51   168    1223    (-,-) 
  g986__1881/Y   -       A1->Y F     OAI21X1        1  0.4    76    81    1304    (-,-) 
  g984__7098/Y   -       B0->Y R     OAI2BB1X1      2  0.8    44    67    1371    (-,-) 
  g980__1705/Y   -       A1->Y F     AOI22X1        1  0.5   109   109    1480    (-,-) 
  g974__5526/S   -       CI->S R     ADDFX1         1  0.4    38   318    1797    (-,-) 
  g973__4319/Y   -       B->Y  F     NOR2X1         1  0.2    32    37    1834    (-,-) 
  g972__5107/Y   -       B->Y  F     OR2X1          1 10.0   264   233    2068    (-,-) 
  y[3]           -       -     F     (port)         -    -     -     0    2068    (-,-) 
#---------------------------------------------------------------------------------------



Path 4: MET (5210 ps) Late External Delay Assertion at pin y[1]
          Group: virt_clk
     Startpoint: (R) op[0]
          Clock: (R) virt_clk
       Endpoint: (R) y[1]
          Clock: (R) virt_clk

                        Capture       Launch     
           Path Delay:+    8000            -     
           Drv Adjust:+       0            0     
          Src Latency:+       0            0     
          Net Latency:+       0 (I)        0 (I) 
        Capture Clock:+       0                  
              Arrival:=    8000            0     
                                                 
         Output Delay:-    1000                  
        Required Time:=    7000                  
         Launch Clock:-       0                  
          Input Delay:-    1000                  
            Data Path:-     790                  
                Slack:=    5210                  

Exceptions/Constraints:
  max_delay                8000            alu4.sdc_line_11      
  input_delay              1000            alu4.sdc_line_9_9_1   
  output_delay             1000            alu4.sdc_line_10_10_1 

#----------------------------------------------------------------------------------------
# Timing Point   Flags    Arc   Edge   Cell     Fanout Load Trans Delay Arrival Instance 
#                                                      (fF)  (ps)  (ps)   (ps)  Location 
#----------------------------------------------------------------------------------------
  op[0]          -       -      R     (arrival)      6  1.8    50     0    1000    (-,-) 
  g1007/Y        -       A->Y   F     INVX1          5  1.4    52    59    1059    (-,-) 
  g990__9315/Y   -       A1->Y  R     OAI21X1        2  0.6    69    77    1136    (-,-) 
  g989/Y         -       A->Y   F     INVXL          1  0.2    30    61    1197    (-,-) 
  g985__6131/Y   -       A->Y   R     XNOR2X1        2  0.6    31   196    1393    (-,-) 
  g982__8246/Y   -       A1N->Y R     OAI2BB1X1      1  0.2    29   123    1516    (-,-) 
  g976__1617/Y   -       A->Y   R     MX2X1          1 10.0   224   274    1790    (-,-) 
  y[1]           -       -      R     (port)         -    -     -     0    1790    (-,-) 
#----------------------------------------------------------------------------------------



Path 5: MET (5548 ps) Late External Delay Assertion at pin y[0]
          Group: virt_clk
     Startpoint: (F) op[0]
          Clock: (R) virt_clk
       Endpoint: (R) y[0]
          Clock: (R) virt_clk

                        Capture       Launch     
           Path Delay:+    8000            -     
           Drv Adjust:+       0            0     
          Src Latency:+       0            0     
          Net Latency:+       0 (I)        0 (I) 
        Capture Clock:+       0                  
              Arrival:=    8000            0     
                                                 
         Output Delay:-    1000                  
        Required Time:=    7000                  
         Launch Clock:-       0                  
          Input Delay:-    1000                  
            Data Path:-     452                  
                Slack:=    5548                  

Exceptions/Constraints:
  max_delay                8000            alu4.sdc_line_11      
  input_delay              1000            alu4.sdc_line_9_9_1   
  output_delay             1000            alu4.sdc_line_10_11_1 

#---------------------------------------------------------------------------------------
# Timing Point   Flags   Arc   Edge   Cell     Fanout Load Trans Delay Arrival Instance 
#                                                     (fF)  (ps)  (ps)   (ps)  Location 
#---------------------------------------------------------------------------------------
  op[0]          -       -     F     (arrival)      6  1.7    50     0    1000    (-,-) 
  g1007/Y        -       A->Y  R     INVX1          5  1.6    48    55    1055    (-,-) 
  g1004__7410/Y  -       B->Y  F     NAND2X1        4  1.3   106    95    1149    (-,-) 
  g988__7482/Y   -       S0->Y R     MX2X1          1 10.0   224   303    1452    (-,-) 
  y[0]           -       -     R     (port)         -    -     -     0    1452    (-,-) 
#---------------------------------------------------------------------------------------

